2022-10-13 17:55:49,541 - basicLogger - INFO - Query for purchase item after 2022-09-23T00:31:21.861Z returns 3 results
2022-10-13 17:58:18,467 - basicLogger - INFO - Query for purchase item after 2022-09-23T00:31:21.861Z returns 3 results
2022-10-13 17:59:34,470 - basicLogger - INFO - Query for purchase item after 2022-09-23T00:31:21.861Z returns 3 results
2022-10-13 18:04:18,932 - basicLogger - INFO - Query for purchase item after 2022-09-23T00:31:21.861Z returns 3 results
2022-10-13 18:17:01,048 - basicLogger - INFO - Query for purchase item after 2022-09-23T00:31:21.861Z returns 0 results
2022-10-13 18:17:25,569 - basicLogger - INFO - Query for purchase item after 2022-09-23T00:31:21.861Z returns 3 results
2022-10-13 18:18:05,293 - basicLogger - INFO - Query for purchase item after 2022-09-23T00:31:21.861Z returns 3 results
2022-10-13 18:19:25,845 - basicLogger - INFO - Query for purchase item after 2022-09-23T00:31:21.861Z returns 3 results
2022-10-13 18:28:47,249 - basicLogger - INFO - Query for purchase item after 2022-10-13 18:28:45.201518 returns 3 results
2022-10-13 18:29:41,379 - basicLogger - INFO - Query for purchase item after 2022-10-13 18:29:39.335640 returns 3 results
2022-10-13 18:32:16,203 - basicLogger - INFO - Query for purchase item after 2022-10-13 18:32:14.165015 returns 3 results
2022-10-13 18:33:01,059 - basicLogger - INFO - Query for purchase item after 2022-10-13 18:32:59.012100 returns 3 results
2022-10-13 18:33:30,242 - basicLogger - INFO - Query for purchase item after 2022-10-13 18:33:28.185578 returns 3 results
2022-10-13 18:34:22,544 - basicLogger - INFO - Query for purchase item after 2022-10-13 18:34:20.492328 returns 3 results
2022-10-13 18:35:41,083 - basicLogger - INFO - Query for purchase item after 2022-10-13 18:35:39.034666 returns 3 results
2022-10-13 18:37:03,655 - basicLogger - INFO - Query for purchase item after 2022-10-13 18:37:01.613598 returns 3 results
2022-10-13 18:37:44,405 - basicLogger - INFO - Query for purchase item after 2022-10-13 18:37:42.343410 returns 3 results
2022-10-13 18:38:22,078 - basicLogger - INFO - Query for purchase item after 2022-10-13 18:38:19.999554 returns 3 results
2022-10-13 18:39:14,303 - basicLogger - INFO - Query for purchase item after 2022-10-13 18:39:12.222054 returns 3 results
2022-10-13 18:40:28,104 - basicLogger - INFO - Query for purchase item after 2022-10-13 18:40:26.040495 returns 3 results
2022-10-13 18:41:57,344 - basicLogger - INFO - Query for purchase item after 2022-10-13 18:41:55.296394 returns 3 results
2022-10-13 18:44:07,754 - basicLogger - INFO - Query for purchase item after 2022-09-23T00:31:21.861Z returns 3 results
2022-10-13 18:46:42,989 - basicLogger - INFO - Query for purchase item after 2022-09-23T00:31:21.861Z returns 3 results
2022-10-13 18:52:30,229 - basicLogger - INFO - Query for purchase item after 2022-09-23T00:31:21.861Z returns 3 results
2022-10-13 18:54:21,970 - basicLogger - INFO - Query for purchase item after 2022-09-23T00:31:21.861Z returns 3 results
2022-10-13 18:56:44,699 - basicLogger - INFO - Query for purchase item after 2022-10-13 18:56:42.639392 returns 3 results
2022-10-13 18:57:16,519 - basicLogger - INFO - Query for purchase item after 2022-10-13 18:57:14.487150 returns 3 results
2022-10-13 18:58:20,202 - basicLogger - INFO - Query for purchase item after 2022-10-13 18:58:18.147881 returns 3 results
2022-10-13 18:58:36,394 - basicLogger - INFO - Query for purchase item after 2022-10-13 18:58:34.323814 returns 3 results
2022-10-13 18:58:56,309 - basicLogger - INFO - Query for purchase item after 2022-10-13 18:58:54.278423 returns 3 results
2022-10-13 19:44:18,064 - basicLogger - INFO - Query for purchase item after 2022-09-23T00:31:2Z returns 3 results
2022-10-13 19:55:29,530 - basicLogger - INFO - Query for purchase item after 2022-09-23T00:31:21Z returns 3 results
2022-10-13 19:58:51,832 - basicLogger - INFO - Query for purchase item after 2022-09-23T00:31:21Z returns 3 results
2022-10-13 20:01:07,132 - basicLogger - INFO - Query for purchase item after 2022-09-23T00:31:21Z returns 3 results
2022-10-13 20:01:52,895 - basicLogger - INFO - Query for purchase item after 2022-09-23T00:31:21Z returns 3 results
2022-10-13 20:02:17,357 - basicLogger - INFO - Query for purchase item after 2022-09-23T00:31:21Z returns 3 results
2022-10-13 20:06:43,928 - basicLogger - INFO - Query for purchase item after 2022-09-23T00:31:21Z returns 3 results
2022-10-13 20:08:26,051 - basicLogger - INFO - Query for purchase item after 2022-09-23T00:31:21Z returns 3 results
2022-10-13 20:13:10,474 - basicLogger - INFO - Query for purchase item after 2022-09-23T00:31:21Z returns 3 results
2022-10-13 20:14:27,426 - basicLogger - INFO - Query for purchase item after 2022-09-23T00:31:21Z returns 3 results
2022-10-13 20:15:24,685 - basicLogger - INFO - Query for purchase item after 2022-09-23T00:31:21Z returns 3 results
2022-10-14 10:10:29,668 - basicLogger - INFO - Query for purchase item after 2022-09-23T00:31:21Z returns 3 results
2022-10-27 09:24:57,093 - basicLogger - INFO - Query for purchase item after 2022-09-23T00:31:21Z returns 3 results
2022-10-27 09:24:59,163 - basicLogger - INFO - Query for Search Items after 2022-09-23T00:31:21Z returns 0 results
2022-10-27 09:25:54,969 - basicLogger - INFO - Query for purchase item after 2022-09-23T00:31:21Z returns 3 results
2022-10-27 09:25:57,026 - basicLogger - INFO - Query for Search Items after 2022-09-23T00:31:21Z returns 0 results
2022-10-27 09:26:42,071 - basicLogger - INFO - Query for purchase item after 2022-09-23T00:31:21Z returns 3 results
2022-10-27 09:26:44,131 - basicLogger - INFO - Query for Search Items after 2022-09-23T00:31:21Z returns 0 results
2022-10-27 09:30:34,547 - basicLogger - INFO - Query for purchase item after 2022-09-23T00:31:21Z returns 3 results
2022-10-27 09:30:36,601 - basicLogger - INFO - Query for Search Items after 2022-09-23T00:31:21Z returns 0 results
2022-10-27 09:31:13,726 - basicLogger - INFO - Query for Search Items after 2022-09-23T00:31:21Z returns 0 results
2022-10-27 09:33:02,569 - basicLogger - INFO - Query for Search Items after 2022-09-23T00:31:21Z returns 0 results
2022-10-27 09:34:00,852 - basicLogger - INFO - stored event buy request with a trace id of 23dde8d9-68a6-4464-9e5b-0ab784f5d050
2022-10-27 09:34:13,519 - basicLogger - INFO - stored event buy request with a trace id of 39b78100-e38d-48f1-9124-caf595e99cae
2022-10-27 09:34:22,087 - basicLogger - INFO - stored event buy request with a trace id of 4c4ccf97-5318-445c-85b5-783b751c2424
2022-10-27 09:34:29,149 - basicLogger - INFO - Query for Search Items after 2022-09-23T00:31:21Z returns 3 results
2022-10-27 09:34:46,284 - basicLogger - INFO - Query for purchase item after 2022-09-23T00:31:21Z returns 3 results
2022-10-27 09:34:48,343 - basicLogger - INFO - Query for Search Items after 2022-09-23T00:31:21Z returns 3 results
2022-10-27 09:35:42,381 - basicLogger - INFO - Query for purchase item after 2022-09-23T00:31:21Z returns 3 results
2022-10-27 09:35:44,446 - basicLogger - INFO - Query for Search Items after 2022-09-23T00:31:21Z returns 3 results
2022-10-27 09:36:07,346 - basicLogger - INFO - Query for purchase item after 2022-09-23T00:31:21Z returns 3 results
2022-10-27 09:36:26,415 - basicLogger - INFO - stored event buy request with a trace id of 93b67512-b577-46bd-b8c3-573e0bd4114a
2022-10-27 09:36:31,345 - basicLogger - INFO - stored event buy request with a trace id of 586db45c-f4b3-4a9f-865a-f442e75547c2
2022-10-27 09:36:34,917 - basicLogger - INFO - Query for purchase item after 2022-09-23T00:31:21Z returns 5 results
2022-10-27 09:37:02,915 - basicLogger - INFO - Query for purchase item after 2022-09-23T00:31:21Z returns 5 results
2022-10-27 09:37:04,983 - basicLogger - INFO - Query for Search Items after 2022-09-23T00:31:21Z returns 3 results
2022-10-27 09:37:27,711 - basicLogger - INFO - Query for purchase item after 2022-09-23T00:31:21Z returns 5 results
2022-10-27 09:37:29,770 - basicLogger - INFO - Query for Search Items after 2022-09-23T00:31:21Z returns 3 results
2022-10-27 09:37:50,648 - basicLogger - INFO - Query for purchase item after 2022-09-23T00:31:21Z returns 5 results
2022-10-27 09:37:52,714 - basicLogger - INFO - Query for Search Items after 2022-09-23T00:31:21Z returns 3 results
2022-10-27 09:38:15,438 - basicLogger - INFO - Query for purchase item after 2022-09-23T00:31:21Z returns 5 results
2022-10-27 09:38:17,479 - basicLogger - INFO - Query for Search Items after 2022-09-23T00:31:21Z returns 3 results
2022-10-27 09:40:35,697 - basicLogger - INFO - Query for purchase item after 2022-09-23T00:31:21Z returns 5 results
2022-10-27 09:40:37,763 - basicLogger - INFO - Query for Search Items after 2022-09-23T00:31:21Z returns 3 results
2022-10-27 09:41:07,914 - basicLogger - INFO - Query for purchase item after 2022-09-23T00:31:21Z returns 5 results
2022-10-27 09:41:09,979 - basicLogger - INFO - Query for Search Items after 2022-09-23T00:31:21Z returns 3 results
2022-10-27 09:41:22,210 - basicLogger - INFO - Query for purchase item after 2022-09-23T00:31:21Z returns 5 results
2022-10-27 09:41:24,269 - basicLogger - INFO - Query for Search Items after 2022-09-23T00:31:21Z returns 3 results
2022-10-27 09:41:59,743 - basicLogger - INFO - Query for purchase item after 2022-09-23T00:31:21Z returns 5 results
2022-10-27 09:42:01,803 - basicLogger - INFO - Query for Search Items after 2022-09-23T00:31:21Z returns 3 results
2022-10-27 09:42:46,611 - basicLogger - INFO - Query for purchase item after 2022-09-23T00:31:21Z returns 5 results
2022-10-27 09:42:48,672 - basicLogger - INFO - Query for Search Items after 2022-09-23T00:31:21Z returns 3 results
2022-10-27 09:44:57,296 - basicLogger - INFO - Query for purchase item after 2022-09-23T00:31:21Z returns 5 results
2022-10-27 09:44:59,358 - basicLogger - INFO - Query for Search Items after 2022-09-23T00:31:21Z returns 3 results
2022-10-27 09:45:15,089 - basicLogger - INFO - Query for purchase item after 2022-09-23T00:31:21Z returns 5 results
2022-10-27 09:45:17,135 - basicLogger - INFO - Query for Search Items after 2022-09-23T00:31:21Z returns 3 results
2022-10-27 09:45:49,529 - basicLogger - INFO - Query for purchase item after 2022-09-23T00:31:21Z returns 5 results
2022-10-27 09:45:51,593 - basicLogger - INFO - Query for Search Items after 2022-09-23T00:31:21Z returns 3 results
2022-10-27 09:47:42,028 - basicLogger - INFO - Query for purchase item after 2022-09-23T00:31:21Z returns 5 results
2022-10-27 09:47:44,081 - basicLogger - INFO - Query for Search Items after 2022-09-23T00:31:21Z returns 3 results
2022-10-27 09:48:29,249 - basicLogger - INFO - Query for purchase item after 2022-09-23T00:31:21Z returns 5 results
2022-10-27 09:49:25,237 - basicLogger - INFO - Query for purchase item after 2022-09-23T00:31:21Z returns 5 results
2022-10-27 09:50:01,725 - basicLogger - INFO - Query for purchase item after 2022-09-23T00:31:21Z returns 5 results
2022-10-27 09:50:45,640 - basicLogger - INFO - Query for purchase item after 2022-09-23T00:31:21Z returns 5 results
2022-10-27 09:50:47,694 - basicLogger - INFO - Query for Search Items after 2022-09-23T00:31:21Z returns 3 results
2022-10-27 09:58:48,103 - basicLogger - INFO - Query for purchase item after 2022-09-23T00:31:21Z returns 5 results
2022-10-27 09:58:50,137 - basicLogger - INFO - Query for Search Items after 2022-09-23T00:31:21Z returns 3 results
2022-10-27 09:59:09,443 - basicLogger - INFO - Query for purchase item after 2022-09-23T00:31:21Z returns 5 results
2022-10-27 09:59:11,499 - basicLogger - INFO - Query for Search Items after 2022-09-23T00:31:21Z returns 3 results
2022-10-27 10:03:46,599 - basicLogger - INFO - Query for purchase item after 2022-09-23T00:31:21Z returns 5 results
2022-10-27 10:03:48,659 - basicLogger - INFO - Query for Search Items after 2022-09-23T00:31:21Z returns 3 results
2022-10-27 10:06:52,776 - basicLogger - INFO - Query for purchase item after 2022-09-23T00:31:21Z returns 5 results
2022-10-27 10:06:54,842 - basicLogger - INFO - Query for Search Items after 2022-09-23T00:31:21Z returns 3 results
2022-10-27 10:12:27,774 - basicLogger - INFO - Query for purchase item after 2022-09-23T00:31:21Z returns 5 results
2022-10-27 10:12:29,829 - basicLogger - INFO - Query for Search Items after 2022-09-23T00:31:21Z returns 3 results
2022-10-27 10:15:24,078 - basicLogger - INFO - Query for purchase item after 2022-09-23T00:31:21Z returns 5 results
2022-10-27 10:15:26,126 - basicLogger - INFO - Query for Search Items after 2022-09-23T00:31:21Z returns 3 results
2022-10-27 10:16:31,360 - basicLogger - INFO - Query for purchase item after 2022-09-23T00:31:21Z returns 5 results
2022-10-27 10:16:33,425 - basicLogger - INFO - Query for Search Items after 2022-09-23T00:31:21Z returns 3 results
2022-10-27 10:18:32,440 - basicLogger - INFO - Query for purchase item after 2022-09-23T00:31:21Z returns 5 results
2022-10-27 10:18:34,504 - basicLogger - INFO - Query for Search Items after 2022-09-23T00:31:21Z returns 3 results
2022-10-27 10:26:00,411 - basicLogger - INFO - Query for purchase item after 2022-09-23T00:31:21Z returns 5 results
2022-10-27 10:26:02,462 - basicLogger - INFO - Query for Search Items after 2022-09-23T00:31:21Z returns 3 results
2022-10-27 10:31:43,535 - basicLogger - INFO - Query for purchase item after 2022-09-23T00:31:21Z returns 5 results
2022-10-27 10:31:45,603 - basicLogger - INFO - Query for Search Items after 2022-09-23T00:31:21Z returns 3 results
2022-10-27 10:36:46,398 - basicLogger - INFO - Query for purchase item after 2022-09-23T00:31:21Z returns 5 results
2022-10-27 10:36:48,473 - basicLogger - INFO - Query for Search Items after 2022-09-23T00:31:21Z returns 3 results
2022-10-27 10:56:49,280 - basicLogger - INFO - stored event buy request with a trace id of 848f7a09-4f66-4e5d-9b55-62ce8d0f047b
2022-10-27 10:57:01,732 - basicLogger - INFO - stored event buy request with a trace id of 98c4e471-3934-4676-b016-2aa6a9376639
2022-10-27 11:16:01,091 - basicLogger - INFO - Query for purchase item after 2022-09-23T00:31:21Z returns 6 results
2022-10-27 11:16:01,412 - basicLogger - INFO - Query for purchase item after 2022-09-23T00:31:21Z returns 6 results
2022-10-27 11:16:03,148 - basicLogger - INFO - Query for Search Items after 2022-09-23T00:31:21Z returns 4 results
2022-10-27 11:16:03,443 - basicLogger - INFO - Query for Search Items after 2022-09-23T00:31:21Z returns 4 results
2022-10-27 11:16:06,060 - basicLogger - INFO - Query for purchase item after 2022-09-23T00:31:21Z returns 6 results
2022-10-27 11:16:08,095 - basicLogger - INFO - Query for Search Items after 2022-09-23T00:31:21Z returns 4 results
2022-10-27 11:16:11,067 - basicLogger - INFO - Query for purchase item after 2022-09-23T00:31:21Z returns 6 results
2022-10-27 11:16:13,115 - basicLogger - INFO - Query for Search Items after 2022-09-23T00:31:21Z returns 4 results
2022-10-27 11:16:16,056 - basicLogger - INFO - Query for purchase item after 2022-09-23T00:31:21Z returns 6 results
2022-10-27 11:16:18,103 - basicLogger - INFO - Query for Search Items after 2022-09-23T00:31:21Z returns 4 results
2022-10-27 11:16:21,065 - basicLogger - INFO - Query for purchase item after 2022-09-23T00:31:21Z returns 6 results
2022-10-27 11:16:23,136 - basicLogger - INFO - Query for Search Items after 2022-09-23T00:31:21Z returns 4 results
2022-10-27 11:16:26,050 - basicLogger - INFO - Query for purchase item after 2022-09-23T00:31:21Z returns 6 results
2022-10-27 11:16:28,083 - basicLogger - INFO - Query for Search Items after 2022-09-23T00:31:21Z returns 4 results
2022-10-27 11:16:31,063 - basicLogger - INFO - Query for purchase item after 2022-09-23T00:31:21Z returns 6 results
2022-10-27 11:16:33,118 - basicLogger - INFO - Query for Search Items after 2022-09-23T00:31:21Z returns 4 results
2022-10-27 11:16:42,140 - basicLogger - INFO - Query for purchase item after 2022-09-23T00:31:21Z returns 6 results
2022-10-27 11:16:42,782 - basicLogger - INFO - Query for purchase item after 2022-09-23T00:31:21Z returns 6 results
2022-10-27 11:16:44,187 - basicLogger - INFO - Query for Search Items after 2022-09-23T00:31:21Z returns 4 results
2022-10-27 11:16:44,841 - basicLogger - INFO - Query for Search Items after 2022-09-23T00:31:21Z returns 4 results
2022-10-27 11:16:47,785 - basicLogger - INFO - Query for purchase item after 2022-09-23T00:31:21Z returns 6 results
2022-10-27 11:16:49,835 - basicLogger - INFO - Query for Search Items after 2022-09-23T00:31:21Z returns 4 results
2022-10-27 11:16:52,760 - basicLogger - INFO - Query for purchase item after 2022-09-23T00:31:21Z returns 6 results
2022-10-27 11:16:54,814 - basicLogger - INFO - Query for Search Items after 2022-09-23T00:31:21Z returns 4 results
2022-10-27 11:16:57,789 - basicLogger - INFO - Query for purchase item after 2022-09-23T00:31:21Z returns 6 results
2022-10-27 11:16:59,827 - basicLogger - INFO - Query for Search Items after 2022-09-23T00:31:21Z returns 4 results
2022-10-27 11:17:02,776 - basicLogger - INFO - Query for purchase item after 2022-09-23T00:31:21Z returns 6 results
2022-10-27 11:17:04,830 - basicLogger - INFO - Query for Search Items after 2022-09-23T00:31:21Z returns 4 results
2022-10-27 11:17:07,756 - basicLogger - INFO - Query for purchase item after 2022-09-23T00:31:21Z returns 6 results
2022-10-27 11:17:09,807 - basicLogger - INFO - Query for Search Items after 2022-09-23T00:31:21Z returns 4 results
2022-10-27 11:17:12,760 - basicLogger - INFO - Query for purchase item after 2022-09-23T00:31:21Z returns 6 results
2022-10-27 11:17:14,829 - basicLogger - INFO - Query for Search Items after 2022-09-23T00:31:21Z returns 4 results
2022-10-27 11:17:17,775 - basicLogger - INFO - Query for purchase item after 2022-09-23T00:31:21Z returns 6 results
2022-10-27 11:17:19,819 - basicLogger - INFO - Query for Search Items after 2022-09-23T00:31:21Z returns 4 results
2022-10-27 11:17:22,781 - basicLogger - INFO - Query for purchase item after 2022-09-23T00:31:21Z returns 6 results
2022-10-27 11:17:24,821 - basicLogger - INFO - Query for Search Items after 2022-09-23T00:31:21Z returns 4 results
2022-10-27 11:17:27,756 - basicLogger - INFO - Query for purchase item after 2022-09-23T00:31:21Z returns 6 results
2022-10-27 11:17:29,793 - basicLogger - INFO - Query for Search Items after 2022-09-23T00:31:21Z returns 4 results
2022-10-27 11:17:32,778 - basicLogger - INFO - Query for purchase item after 2022-09-23T00:31:21Z returns 6 results
2022-10-27 11:17:34,809 - basicLogger - INFO - Query for Search Items after 2022-09-23T00:31:21Z returns 4 results
2022-10-27 11:17:37,772 - basicLogger - INFO - Query for purchase item after 2022-09-23T00:31:21Z returns 6 results
2022-10-27 11:17:39,823 - basicLogger - INFO - Query for Search Items after 2022-09-23T00:31:21Z returns 4 results
2022-10-27 11:17:42,763 - basicLogger - INFO - Query for purchase item after 2022-09-23T00:31:21Z returns 6 results
2022-10-27 11:17:44,825 - basicLogger - INFO - Query for Search Items after 2022-09-23T00:31:21Z returns 4 results
2022-10-27 11:17:47,794 - basicLogger - INFO - Query for purchase item after 2022-09-23T00:31:21Z returns 6 results
2022-10-27 11:17:49,862 - basicLogger - INFO - Query for Search Items after 2022-09-23T00:31:21Z returns 4 results
2022-10-27 11:17:52,771 - basicLogger - INFO - Query for purchase item after 2022-09-23T00:31:21Z returns 6 results
2022-10-27 11:17:54,822 - basicLogger - INFO - Query for Search Items after 2022-09-23T00:31:21Z returns 4 results
2022-10-27 11:17:57,770 - basicLogger - INFO - Query for purchase item after 2022-09-23T00:31:21Z returns 6 results
2022-10-27 11:17:59,813 - basicLogger - INFO - Query for Search Items after 2022-09-23T00:31:21Z returns 4 results
2022-10-27 11:18:02,789 - basicLogger - INFO - Query for purchase item after 2022-09-23T00:31:21Z returns 6 results
2022-10-27 11:18:04,840 - basicLogger - INFO - Query for Search Items after 2022-09-23T00:31:21Z returns 4 results
2022-10-27 11:18:07,769 - basicLogger - INFO - Query for purchase item after 2022-09-23T00:31:21Z returns 6 results
2022-10-27 11:18:09,836 - basicLogger - INFO - Query for Search Items after 2022-09-23T00:31:21Z returns 4 results
2022-10-27 11:18:12,774 - basicLogger - INFO - Query for purchase item after 2022-09-23T00:31:21Z returns 6 results
2022-10-27 11:18:14,848 - basicLogger - INFO - Query for Search Items after 2022-09-23T00:31:21Z returns 4 results
2022-10-27 11:18:17,791 - basicLogger - INFO - Query for purchase item after 2022-09-23T00:31:21Z returns 6 results
2022-10-27 11:18:19,841 - basicLogger - INFO - Query for Search Items after 2022-09-23T00:31:21Z returns 4 results
2022-10-27 11:18:22,767 - basicLogger - INFO - Query for purchase item after 2022-09-23T00:31:21Z returns 6 results
2022-10-27 11:18:24,824 - basicLogger - INFO - Query for Search Items after 2022-09-23T00:31:21Z returns 4 results
2022-10-27 11:18:27,774 - basicLogger - INFO - Query for purchase item after 2022-09-23T00:31:21Z returns 6 results
2022-10-27 11:18:29,822 - basicLogger - INFO - Query for Search Items after 2022-09-23T00:31:21Z returns 4 results
2022-10-27 11:18:32,785 - basicLogger - INFO - Query for purchase item after 2022-09-23T00:31:21Z returns 6 results
2022-10-27 11:18:34,829 - basicLogger - INFO - Query for Search Items after 2022-09-23T00:31:21Z returns 4 results
2022-10-27 11:18:37,780 - basicLogger - INFO - Query for purchase item after 2022-09-23T00:31:21Z returns 6 results
2022-10-27 11:18:39,835 - basicLogger - INFO - Query for Search Items after 2022-09-23T00:31:21Z returns 4 results
2022-10-27 11:18:42,773 - basicLogger - INFO - Query for purchase item after 2022-09-23T00:31:21Z returns 6 results
2022-10-27 11:18:44,836 - basicLogger - INFO - Query for Search Items after 2022-09-23T00:31:21Z returns 4 results
2022-10-27 11:18:47,765 - basicLogger - INFO - Query for purchase item after 2022-09-23T00:31:21Z returns 6 results
2022-10-27 11:18:49,827 - basicLogger - INFO - Query for Search Items after 2022-09-23T00:31:21Z returns 4 results
2022-10-27 11:18:52,778 - basicLogger - INFO - Query for purchase item after 2022-09-23T00:31:21Z returns 6 results
2022-10-27 11:18:54,826 - basicLogger - INFO - Query for Search Items after 2022-09-23T00:31:21Z returns 4 results
2022-10-27 11:18:57,755 - basicLogger - INFO - Query for purchase item after 2022-09-23T00:31:21Z returns 6 results
2022-10-27 11:18:59,810 - basicLogger - INFO - Query for Search Items after 2022-09-23T00:31:21Z returns 4 results
2022-10-27 11:19:09,686 - basicLogger - INFO - Query for purchase item after 2022-09-23T00:31:21Z returns 6 results
2022-10-27 11:19:11,734 - basicLogger - INFO - Query for Search Items after 2022-09-23T00:31:21Z returns 4 results
2022-10-27 11:19:14,678 - basicLogger - INFO - Query for purchase item after 2022-09-23T00:31:21Z returns 6 results
2022-10-27 11:19:16,724 - basicLogger - INFO - Query for Search Items after 2022-09-23T00:31:21Z returns 4 results
2022-10-27 11:19:19,674 - basicLogger - INFO - Query for purchase item after 2022-09-23T00:31:21Z returns 6 results
2022-10-27 11:19:21,753 - basicLogger - INFO - Query for Search Items after 2022-09-23T00:31:21Z returns 4 results
2022-10-27 11:58:21,095 - basicLogger - INFO - Query for purchase item after 2022-09-23T00:31:21Z returns 6 results
2022-10-27 12:23:27,054 - basicLogger - INFO - Query for purchase item after 2022-10-27T12:23:24Z returns 0 results
2022-10-27 12:23:29,093 - basicLogger - INFO - Query for Search Items after 2022-10-27T12:23:24Z returns 0 results
2022-10-27 12:23:32,032 - basicLogger - INFO - Query for purchase item after 2022-10-27T12:23:24Z returns 0 results
2022-10-27 12:23:34,088 - basicLogger - INFO - Query for Search Items after 2022-10-27T12:23:24Z returns 0 results
2022-10-27 12:23:37,024 - basicLogger - INFO - Query for purchase item after 2022-10-27T12:23:24Z returns 0 results
2022-10-27 12:23:39,089 - basicLogger - INFO - Query for Search Items after 2022-10-27T12:23:24Z returns 0 results
2022-10-27 12:23:42,045 - basicLogger - INFO - Query for purchase item after 2022-10-27T12:23:24Z returns 0 results
2022-10-27 12:23:44,094 - basicLogger - INFO - Query for Search Items after 2022-10-27T12:23:24Z returns 0 results
2022-10-27 12:23:47,021 - basicLogger - INFO - Query for purchase item after 2022-10-27T12:23:24Z returns 0 results
2022-10-27 12:23:49,086 - basicLogger - INFO - Query for Search Items after 2022-10-27T12:23:24Z returns 0 results
2022-10-27 12:23:52,037 - basicLogger - INFO - Query for purchase item after 2022-10-27T12:23:24Z returns 0 results
2022-10-27 12:23:54,099 - basicLogger - INFO - Query for Search Items after 2022-10-27T12:23:24Z returns 0 results
2022-10-27 12:23:57,010 - basicLogger - INFO - Query for purchase item after 2022-10-27T12:23:24Z returns 0 results
2022-10-27 12:23:59,051 - basicLogger - INFO - Query for Search Items after 2022-10-27T12:23:24Z returns 0 results
2022-10-27 12:24:02,030 - basicLogger - INFO - Query for purchase item after 2022-10-27T12:23:24Z returns 0 results
2022-10-27 12:24:04,074 - basicLogger - INFO - Query for Search Items after 2022-10-27T12:23:24Z returns 0 results
2022-10-27 12:25:35,648 - basicLogger - INFO - Query for purchase item after 2022-10-27T12:23:24Z returns 0 results
2022-10-27 12:25:37,702 - basicLogger - INFO - Query for Search Items after 2022-10-27T12:23:24Z returns 0 results
2022-10-27 12:25:40,644 - basicLogger - INFO - Query for purchase item after 2022-10-27T12:23:24Z returns 0 results
2022-10-27 12:25:42,696 - basicLogger - INFO - Query for Search Items after 2022-10-27T12:23:24Z returns 0 results
2022-10-27 12:25:45,617 - basicLogger - INFO - Query for purchase item after 2022-10-27T12:23:24Z returns 0 results
2022-10-27 12:25:47,673 - basicLogger - INFO - Query for Search Items after 2022-10-27T12:23:24Z returns 0 results
2022-10-27 12:26:44,895 - basicLogger - INFO - Query for purchase item after 2022-10-27T12:23:24Z returns 0 results
2022-10-27 12:26:46,946 - basicLogger - INFO - Query for Search Items after 2022-10-27T12:23:24Z returns 0 results
2022-10-27 12:26:49,870 - basicLogger - INFO - Query for purchase item after 2022-10-27T12:23:24Z returns 0 results
2022-10-27 12:26:51,928 - basicLogger - INFO - Query for Search Items after 2022-10-27T12:23:24Z returns 0 results
2022-10-27 12:26:54,854 - basicLogger - INFO - Query for purchase item after 2022-10-27T12:23:24Z returns 0 results
2022-10-27 12:26:56,915 - basicLogger - INFO - Query for Search Items after 2022-10-27T12:23:24Z returns 0 results
2022-10-27 12:26:59,869 - basicLogger - INFO - Query for purchase item after 2022-10-27T12:23:24Z returns 0 results
2022-10-27 12:27:01,955 - basicLogger - INFO - Query for Search Items after 2022-10-27T12:23:24Z returns 0 results
2022-10-27 12:27:28,666 - basicLogger - INFO - Query for purchase item after 2022-10-27T12:23:24Z returns 0 results
2022-10-27 12:27:30,724 - basicLogger - INFO - Query for Search Items after 2022-10-27T12:23:24Z returns 0 results
2022-10-27 12:27:33,651 - basicLogger - INFO - Query for purchase item after 2022-10-27T12:23:24Z returns 0 results
2022-10-27 12:27:35,697 - basicLogger - INFO - Query for Search Items after 2022-10-27T12:23:24Z returns 0 results
2022-10-27 12:28:42,633 - basicLogger - INFO - stored event buy request with a trace id of 43555d47-b124-44d3-8d9a-99961a42c168
2022-10-27 12:28:48,985 - basicLogger - INFO - stored event buy request with a trace id of 723571de-d30f-4ae0-949e-c8922dcd6702
2022-10-27 12:29:00,418 - basicLogger - INFO - Query for purchase item after 2022-10-27T12:23:24Z returns 1 results
2022-10-27 12:29:02,476 - basicLogger - INFO - Query for Search Items after 2022-10-27T12:23:24Z returns 1 results
2022-10-27 12:29:05,404 - basicLogger - INFO - Query for purchase item after 2022-10-27T12:28:58Z returns 0 results
2022-10-27 12:29:07,463 - basicLogger - INFO - Query for Search Items after 2022-10-27T12:28:58Z returns 0 results
2022-10-27 12:29:10,378 - basicLogger - INFO - Query for purchase item after 2022-10-27T12:28:58Z returns 0 results
2022-10-27 12:29:12,410 - basicLogger - INFO - Query for Search Items after 2022-10-27T12:28:58Z returns 0 results
2022-10-27 12:29:15,367 - basicLogger - INFO - Query for purchase item after 2022-10-27T12:28:58Z returns 0 results
2022-10-27 12:29:17,421 - basicLogger - INFO - Query for Search Items after 2022-10-27T12:28:58Z returns 0 results
2022-10-27 12:29:20,365 - basicLogger - INFO - Query for purchase item after 2022-10-27T12:28:58Z returns 0 results
2022-10-27 12:29:22,390 - basicLogger - INFO - Query for Search Items after 2022-10-27T12:28:58Z returns 0 results
2022-10-27 12:29:25,370 - basicLogger - INFO - Query for purchase item after 2022-10-27T12:28:58Z returns 0 results
2022-10-27 12:29:27,443 - basicLogger - INFO - Query for Search Items after 2022-10-27T12:28:58Z returns 0 results
2022-10-27 12:29:30,372 - basicLogger - INFO - Query for purchase item after 2022-10-27T12:28:58Z returns 0 results
2022-10-27 12:29:32,433 - basicLogger - INFO - Query for Search Items after 2022-10-27T12:28:58Z returns 0 results
2022-10-27 12:29:35,355 - basicLogger - INFO - Query for purchase item after 2022-10-27T12:28:58Z returns 0 results
2022-10-27 12:29:37,412 - basicLogger - INFO - Query for Search Items after 2022-10-27T12:28:58Z returns 0 results
2022-10-27 12:29:40,378 - basicLogger - INFO - Query for purchase item after 2022-10-27T12:28:58Z returns 0 results
2022-10-27 12:29:42,425 - basicLogger - INFO - Query for Search Items after 2022-10-27T12:28:58Z returns 0 results
2022-10-27 12:29:45,366 - basicLogger - INFO - Query for purchase item after 2022-10-27T12:28:58Z returns 0 results
2022-10-27 12:29:47,433 - basicLogger - INFO - Query for Search Items after 2022-10-27T12:28:58Z returns 0 results
2022-10-27 12:29:49,734 - basicLogger - INFO - stored event buy request with a trace id of 1abd4795-13f9-4cf9-b7fc-776f5ca092e9
2022-10-27 12:29:50,366 - basicLogger - INFO - Query for purchase item after 2022-10-27T12:28:58Z returns 1 results
2022-10-27 12:29:52,418 - basicLogger - INFO - Query for Search Items after 2022-10-27T12:28:58Z returns 0 results
2022-10-27 12:29:55,384 - basicLogger - INFO - Query for purchase item after 2022-10-27T12:28:58Z returns 1 results
2022-10-27 12:29:57,444 - basicLogger - INFO - Query for Search Items after 2022-10-27T12:28:58Z returns 0 results
2022-10-27 12:30:00,358 - basicLogger - INFO - Query for purchase item after 2022-10-27T12:28:58Z returns 1 results
2022-10-27 12:30:02,407 - basicLogger - INFO - Query for Search Items after 2022-10-27T12:28:58Z returns 0 results
2022-10-27 12:30:05,395 - basicLogger - INFO - Query for purchase item after 2022-10-27T12:28:58Z returns 1 results
2022-10-27 12:30:07,450 - basicLogger - INFO - Query for Search Items after 2022-10-27T12:28:58Z returns 0 results
2022-10-27 12:30:10,364 - basicLogger - INFO - Query for purchase item after 2022-10-27T12:28:58Z returns 1 results
2022-10-27 12:30:12,420 - basicLogger - INFO - Query for Search Items after 2022-10-27T12:28:58Z returns 0 results
2022-10-27 12:30:15,407 - basicLogger - INFO - Query for purchase item after 2022-10-27T12:28:58Z returns 1 results
2022-10-27 12:30:16,467 - basicLogger - INFO - stored event buy request with a trace id of ffe0f384-dd56-4681-91cd-0604c7236bcc
2022-10-27 12:30:17,449 - basicLogger - INFO - Query for Search Items after 2022-10-27T12:28:58Z returns 0 results
2022-10-27 12:30:20,386 - basicLogger - INFO - Query for purchase item after 2022-10-27T12:28:58Z returns 2 results
2022-10-27 12:30:22,436 - basicLogger - INFO - Query for Search Items after 2022-10-27T12:28:58Z returns 0 results
2022-10-27 12:30:25,393 - basicLogger - INFO - Query for purchase item after 2022-10-27T12:28:58Z returns 2 results
2022-10-27 12:30:27,448 - basicLogger - INFO - Query for Search Items after 2022-10-27T12:28:58Z returns 0 results
2022-10-27 12:30:30,391 - basicLogger - INFO - Query for purchase item after 2022-10-27T12:28:58Z returns 2 results
2022-10-27 12:30:32,448 - basicLogger - INFO - Query for Search Items after 2022-10-27T12:28:58Z returns 0 results
2022-10-27 12:30:35,373 - basicLogger - INFO - Query for purchase item after 2022-10-27T12:28:58Z returns 2 results
2022-10-27 12:30:37,440 - basicLogger - INFO - Query for Search Items after 2022-10-27T12:28:58Z returns 0 results
2022-10-27 12:30:40,374 - basicLogger - INFO - Query for purchase item after 2022-10-27T12:28:58Z returns 2 results
2022-10-27 12:30:42,434 - basicLogger - INFO - Query for Search Items after 2022-10-27T12:28:58Z returns 0 results
2022-10-27 12:30:45,380 - basicLogger - INFO - Query for purchase item after 2022-10-27T12:28:58Z returns 2 results
2022-10-27 12:30:47,421 - basicLogger - INFO - Query for Search Items after 2022-10-27T12:28:58Z returns 0 results
2022-10-27 12:30:50,370 - basicLogger - INFO - Query for purchase item after 2022-10-27T12:28:58Z returns 2 results
2022-10-27 12:30:52,424 - basicLogger - INFO - Query for Search Items after 2022-10-27T12:28:58Z returns 0 results
2022-10-27 12:30:54,184 - basicLogger - INFO - stored event buy request with a trace id of c720f5e7-88f0-4cc4-af11-49f42827e7f3
2022-10-27 12:30:55,387 - basicLogger - INFO - Query for purchase item after 2022-10-27T12:28:58Z returns 2 results
2022-10-27 12:30:57,426 - basicLogger - INFO - Query for Search Items after 2022-10-27T12:28:58Z returns 1 results
2022-10-27 12:31:00,391 - basicLogger - INFO - Query for purchase item after 2022-10-27T12:30:53Z returns 0 results
2022-10-27 12:31:02,436 - basicLogger - INFO - Query for Search Items after 2022-10-27T12:30:53Z returns 1 results
2022-10-27 12:31:05,381 - basicLogger - INFO - Query for purchase item after 2022-10-27T12:30:53Z returns 0 results
2022-10-27 12:31:07,416 - basicLogger - INFO - Query for Search Items after 2022-10-27T12:30:53Z returns 1 results
2022-10-27 12:31:10,376 - basicLogger - INFO - Query for purchase item after 2022-10-27T12:30:53Z returns 0 results
2022-10-27 12:31:12,432 - basicLogger - INFO - Query for Search Items after 2022-10-27T12:30:53Z returns 1 results
2022-10-27 12:31:15,370 - basicLogger - INFO - Query for purchase item after 2022-10-27T12:30:53Z returns 0 results
2022-10-27 12:31:17,433 - basicLogger - INFO - Query for Search Items after 2022-10-27T12:30:53Z returns 1 results
2022-10-27 12:31:20,377 - basicLogger - INFO - Query for purchase item after 2022-10-27T12:30:53Z returns 0 results
2022-10-27 12:31:22,469 - basicLogger - INFO - Query for Search Items after 2022-10-27T12:30:53Z returns 1 results
2022-10-27 12:31:25,359 - basicLogger - INFO - Query for purchase item after 2022-10-27T12:30:53Z returns 0 results
2022-10-27 12:31:27,419 - basicLogger - INFO - Query for Search Items after 2022-10-27T12:30:53Z returns 1 results
2022-10-27 12:31:30,405 - basicLogger - INFO - Query for purchase item after 2022-10-27T12:30:53Z returns 0 results
2022-10-27 12:31:32,450 - basicLogger - INFO - Query for Search Items after 2022-10-27T12:30:53Z returns 1 results
2022-10-27 12:38:21,127 - basicLogger - INFO - Query for purchase item after 2022-10-27T12:30:53Z returns 0 results
2022-10-27 12:38:23,203 - basicLogger - INFO - Query for Search Items after 2022-10-27T12:30:53Z returns 1 results
2022-10-27 12:38:26,118 - basicLogger - INFO - Query for purchase item after 2022-10-27T12:30:53Z returns 0 results
2022-10-27 12:38:28,171 - basicLogger - INFO - Query for Search Items after 2022-10-27T12:30:53Z returns 1 results
2022-10-27 12:38:31,103 - basicLogger - INFO - Query for purchase item after 2022-10-27T12:30:53Z returns 0 results
2022-10-27 12:38:33,167 - basicLogger - INFO - Query for Search Items after 2022-10-27T12:30:53Z returns 1 results
2022-10-27 12:38:36,111 - basicLogger - INFO - Query for purchase item after 2022-10-27T12:30:53Z returns 0 results
2022-10-27 12:38:38,167 - basicLogger - INFO - Query for Search Items after 2022-10-27T12:30:53Z returns 1 results
2022-10-27 12:38:41,122 - basicLogger - INFO - Query for purchase item after 2022-10-27T12:30:53Z returns 0 results
2022-10-27 12:38:43,178 - basicLogger - INFO - Query for Search Items after 2022-10-27T12:30:53Z returns 1 results
2022-10-27 12:38:46,106 - basicLogger - INFO - Query for purchase item after 2022-10-27T12:30:53Z returns 0 results
2022-10-27 12:38:48,167 - basicLogger - INFO - Query for Search Items after 2022-10-27T12:30:53Z returns 1 results
2022-10-27 12:38:51,106 - basicLogger - INFO - Query for purchase item after 2022-10-27T12:30:53Z returns 0 results
2022-10-27 12:38:53,152 - basicLogger - INFO - Query for Search Items after 2022-10-27T12:30:53Z returns 1 results
2022-10-27 12:38:56,123 - basicLogger - INFO - Query for purchase item after 2022-10-27T12:30:53Z returns 0 results
2022-10-27 12:38:58,196 - basicLogger - INFO - Query for Search Items after 2022-10-27T12:30:53Z returns 1 results
2022-10-27 12:39:01,113 - basicLogger - INFO - Query for purchase item after 2022-10-27T12:30:53Z returns 0 results
2022-10-27 12:39:03,176 - basicLogger - INFO - Query for Search Items after 2022-10-27T12:30:53Z returns 1 results
2022-10-27 12:39:06,106 - basicLogger - INFO - Query for purchase item after 2022-10-27T12:30:53Z returns 0 results
2022-10-27 12:39:08,157 - basicLogger - INFO - Query for Search Items after 2022-10-27T12:30:53Z returns 1 results
2022-10-27 12:39:11,125 - basicLogger - INFO - Query for purchase item after 2022-10-27T12:30:53Z returns 0 results
2022-10-27 12:39:13,187 - basicLogger - INFO - Query for Search Items after 2022-10-27T12:30:53Z returns 1 results
2022-10-27 12:39:16,116 - basicLogger - INFO - Query for purchase item after 2022-10-27T12:30:53Z returns 0 results
2022-10-27 12:39:18,185 - basicLogger - INFO - Query for Search Items after 2022-10-27T12:30:53Z returns 1 results
2022-10-27 12:39:21,143 - basicLogger - INFO - Query for purchase item after 2022-10-27T12:30:53Z returns 0 results
2022-10-27 12:39:23,190 - basicLogger - INFO - Query for Search Items after 2022-10-27T12:30:53Z returns 1 results
2022-10-27 12:39:26,121 - basicLogger - INFO - Query for purchase item after 2022-10-27T12:30:53Z returns 0 results
2022-10-27 12:39:28,174 - basicLogger - INFO - Query for Search Items after 2022-10-27T12:30:53Z returns 1 results
2022-10-27 12:39:31,141 - basicLogger - INFO - Query for purchase item after 2022-10-27T12:30:53Z returns 0 results
2022-10-27 12:39:33,212 - basicLogger - INFO - Query for Search Items after 2022-10-27T12:30:53Z returns 1 results
2022-10-27 12:39:36,108 - basicLogger - INFO - Query for purchase item after 2022-10-27T12:30:53Z returns 0 results
2022-10-27 12:39:38,141 - basicLogger - INFO - Query for Search Items after 2022-10-27T12:30:53Z returns 1 results
2022-10-27 12:39:41,114 - basicLogger - INFO - Query for purchase item after 2022-10-27T12:30:53Z returns 0 results
2022-10-27 12:39:43,171 - basicLogger - INFO - Query for Search Items after 2022-10-27T12:30:53Z returns 1 results
2022-10-27 12:39:46,124 - basicLogger - INFO - Query for purchase item after 2022-10-27T12:30:53Z returns 0 results
2022-10-27 12:39:48,173 - basicLogger - INFO - Query for Search Items after 2022-10-27T12:30:53Z returns 1 results
2022-10-27 12:39:51,133 - basicLogger - INFO - Query for purchase item after 2022-10-27T12:30:53Z returns 0 results
2022-10-27 12:39:53,161 - basicLogger - INFO - Query for Search Items after 2022-10-27T12:30:53Z returns 1 results
2022-10-27 12:39:56,122 - basicLogger - INFO - Query for purchase item after 2022-10-27T12:30:53Z returns 0 results
2022-10-27 12:39:58,179 - basicLogger - INFO - Query for Search Items after 2022-10-27T12:30:53Z returns 1 results
2022-10-27 12:40:01,142 - basicLogger - INFO - Query for purchase item after 2022-10-27T12:30:53Z returns 0 results
2022-10-27 12:40:03,177 - basicLogger - INFO - Query for Search Items after 2022-10-27T12:30:53Z returns 1 results
2022-10-27 12:40:06,123 - basicLogger - INFO - Query for purchase item after 2022-10-27T12:30:53Z returns 0 results
2022-10-27 12:40:08,179 - basicLogger - INFO - Query for Search Items after 2022-10-27T12:30:53Z returns 1 results
2022-10-27 12:40:11,136 - basicLogger - INFO - Query for purchase item after 2022-10-27T12:30:53Z returns 0 results
2022-10-27 12:40:13,199 - basicLogger - INFO - Query for Search Items after 2022-10-27T12:30:53Z returns 1 results
2022-10-27 12:40:16,132 - basicLogger - INFO - Query for purchase item after 2022-10-27T12:30:53Z returns 0 results
2022-10-27 12:40:18,189 - basicLogger - INFO - Query for Search Items after 2022-10-27T12:30:53Z returns 1 results
2022-10-27 12:40:21,105 - basicLogger - INFO - Query for purchase item after 2022-10-27T12:30:53Z returns 0 results
2022-10-27 12:40:23,160 - basicLogger - INFO - Query for Search Items after 2022-10-27T12:30:53Z returns 1 results
2022-10-27 12:40:26,115 - basicLogger - INFO - Query for purchase item after 2022-10-27T12:30:53Z returns 0 results
2022-10-27 12:40:28,414 - basicLogger - INFO - Query for Search Items after 2022-10-27T12:30:53Z returns 1 results
2022-10-27 12:40:31,119 - basicLogger - INFO - Query for purchase item after 2022-10-27T12:30:53Z returns 0 results
2022-10-27 12:40:33,167 - basicLogger - INFO - Query for Search Items after 2022-10-27T12:30:53Z returns 1 results
2022-10-27 12:40:36,132 - basicLogger - INFO - Query for purchase item after 2022-10-27T12:30:53Z returns 0 results
2022-10-27 12:40:38,180 - basicLogger - INFO - Query for Search Items after 2022-10-27T12:30:53Z returns 1 results
2022-10-27 12:40:41,126 - basicLogger - INFO - Query for purchase item after 2022-10-27T12:30:53Z returns 0 results
2022-10-27 12:40:43,181 - basicLogger - INFO - Query for Search Items after 2022-10-27T12:30:53Z returns 1 results
2022-10-27 12:40:46,132 - basicLogger - INFO - Query for purchase item after 2022-10-27T12:30:53Z returns 0 results
2022-10-27 12:40:48,183 - basicLogger - INFO - Query for Search Items after 2022-10-27T12:30:53Z returns 1 results
2022-10-27 12:40:51,137 - basicLogger - INFO - Query for purchase item after 2022-10-27T12:30:53Z returns 0 results
2022-10-27 12:40:53,193 - basicLogger - INFO - Query for Search Items after 2022-10-27T12:30:53Z returns 1 results
2022-10-27 12:40:56,130 - basicLogger - INFO - Query for purchase item after 2022-10-27T12:30:53Z returns 0 results
2022-10-27 12:40:58,190 - basicLogger - INFO - Query for Search Items after 2022-10-27T12:30:53Z returns 1 results
2022-10-27 12:41:01,104 - basicLogger - INFO - Query for purchase item after 2022-10-27T12:30:53Z returns 0 results
2022-10-27 12:41:03,153 - basicLogger - INFO - Query for Search Items after 2022-10-27T12:30:53Z returns 1 results
2022-10-27 12:41:06,123 - basicLogger - INFO - Query for purchase item after 2022-10-27T12:30:53Z returns 0 results
2022-10-27 12:41:08,177 - basicLogger - INFO - Query for Search Items after 2022-10-27T12:30:53Z returns 1 results
2022-10-27 12:41:11,135 - basicLogger - INFO - Query for purchase item after 2022-10-27T12:30:53Z returns 0 results
2022-10-27 12:41:13,199 - basicLogger - INFO - Query for Search Items after 2022-10-27T12:30:53Z returns 1 results
2022-10-27 12:41:16,108 - basicLogger - INFO - Query for purchase item after 2022-10-27T12:30:53Z returns 0 results
2022-10-27 12:41:18,153 - basicLogger - INFO - Query for Search Items after 2022-10-27T12:30:53Z returns 1 results
2022-10-27 12:41:21,112 - basicLogger - INFO - Query for purchase item after 2022-10-27T12:30:53Z returns 0 results
2022-10-27 12:41:23,175 - basicLogger - INFO - Query for Search Items after 2022-10-27T12:30:53Z returns 1 results
2022-10-27 12:41:26,100 - basicLogger - INFO - Query for purchase item after 2022-10-27T12:30:53Z returns 0 results
2022-10-27 12:41:28,150 - basicLogger - INFO - Query for Search Items after 2022-10-27T12:30:53Z returns 1 results
2022-10-27 12:41:31,136 - basicLogger - INFO - Query for purchase item after 2022-10-27T12:30:53Z returns 0 results
2022-10-27 12:41:33,175 - basicLogger - INFO - Query for Search Items after 2022-10-27T12:30:53Z returns 1 results
2022-10-27 12:41:36,143 - basicLogger - INFO - Query for purchase item after 2022-10-27T12:30:53Z returns 0 results
2022-10-27 12:41:38,196 - basicLogger - INFO - Query for Search Items after 2022-10-27T12:30:53Z returns 1 results
2022-10-27 12:41:41,121 - basicLogger - INFO - Query for purchase item after 2022-10-27T12:30:53Z returns 0 results
2022-10-27 12:41:43,176 - basicLogger - INFO - Query for Search Items after 2022-10-27T12:30:53Z returns 1 results
2022-10-27 12:41:46,111 - basicLogger - INFO - Query for purchase item after 2022-10-27T12:30:53Z returns 0 results
2022-10-27 12:41:48,159 - basicLogger - INFO - Query for Search Items after 2022-10-27T12:30:53Z returns 1 results
2022-10-27 12:41:51,113 - basicLogger - INFO - Query for purchase item after 2022-10-27T12:30:53Z returns 0 results
2022-10-27 12:41:53,167 - basicLogger - INFO - Query for Search Items after 2022-10-27T12:30:53Z returns 1 results
2022-10-27 12:41:56,127 - basicLogger - INFO - Query for purchase item after 2022-10-27T12:30:53Z returns 0 results
2022-10-27 12:41:58,195 - basicLogger - INFO - Query for Search Items after 2022-10-27T12:30:53Z returns 1 results
2022-10-27 12:42:01,126 - basicLogger - INFO - Query for purchase item after 2022-10-27T12:30:53Z returns 0 results
2022-10-27 12:42:03,186 - basicLogger - INFO - Query for Search Items after 2022-10-27T12:30:53Z returns 1 results
2022-10-27 12:42:06,142 - basicLogger - INFO - Query for purchase item after 2022-10-27T12:30:53Z returns 0 results
2022-10-27 12:42:08,186 - basicLogger - INFO - Query for Search Items after 2022-10-27T12:30:53Z returns 1 results
2022-10-27 12:42:11,114 - basicLogger - INFO - Query for purchase item after 2022-10-27T12:30:53Z returns 0 results
2022-10-27 12:42:13,173 - basicLogger - INFO - Query for Search Items after 2022-10-27T12:30:53Z returns 1 results
2022-10-27 12:42:16,124 - basicLogger - INFO - Query for purchase item after 2022-10-27T12:30:53Z returns 0 results
2022-10-27 12:42:18,205 - basicLogger - INFO - Query for Search Items after 2022-10-27T12:30:53Z returns 1 results
2022-10-27 12:42:21,180 - basicLogger - INFO - Query for purchase item after 2022-10-27T12:30:53Z returns 0 results
2022-10-27 12:42:23,217 - basicLogger - INFO - Query for Search Items after 2022-10-27T12:30:53Z returns 1 results
2022-10-27 12:42:26,128 - basicLogger - INFO - Query for purchase item after 2022-10-27T12:30:53Z returns 0 results
2022-10-27 12:42:28,184 - basicLogger - INFO - Query for Search Items after 2022-10-27T12:30:53Z returns 1 results
2022-10-27 12:42:31,110 - basicLogger - INFO - Query for purchase item after 2022-10-27T12:30:53Z returns 0 results
2022-10-27 12:42:33,162 - basicLogger - INFO - Query for Search Items after 2022-10-27T12:30:53Z returns 1 results
2022-10-27 12:42:36,112 - basicLogger - INFO - Query for purchase item after 2022-10-27T12:30:53Z returns 0 results
2022-10-27 12:42:38,181 - basicLogger - INFO - Query for Search Items after 2022-10-27T12:30:53Z returns 1 results
2022-10-27 12:42:41,103 - basicLogger - INFO - Query for purchase item after 2022-10-27T12:30:53Z returns 0 results
2022-10-27 12:42:43,166 - basicLogger - INFO - Query for Search Items after 2022-10-27T12:30:53Z returns 1 results
2022-10-27 12:42:46,122 - basicLogger - INFO - Query for purchase item after 2022-10-27T12:30:53Z returns 0 results
2022-10-27 12:42:48,172 - basicLogger - INFO - Query for Search Items after 2022-10-27T12:30:53Z returns 1 results
2022-10-27 12:42:51,115 - basicLogger - INFO - Query for purchase item after 2022-10-27T12:30:53Z returns 0 results
2022-10-27 12:42:53,163 - basicLogger - INFO - Query for Search Items after 2022-10-27T12:30:53Z returns 1 results
2022-10-27 12:42:56,118 - basicLogger - INFO - Query for purchase item after 2022-10-27T12:30:53Z returns 0 results
2022-10-27 12:42:58,181 - basicLogger - INFO - Query for Search Items after 2022-10-27T12:30:53Z returns 1 results
2022-10-27 12:43:01,113 - basicLogger - INFO - Query for purchase item after 2022-10-27T12:30:53Z returns 0 results
2022-10-27 12:43:03,178 - basicLogger - INFO - Query for Search Items after 2022-10-27T12:30:53Z returns 1 results
2022-10-27 12:43:06,120 - basicLogger - INFO - Query for purchase item after 2022-10-27T12:30:53Z returns 0 results
2022-10-27 12:43:08,184 - basicLogger - INFO - Query for Search Items after 2022-10-27T12:30:53Z returns 1 results
2022-10-27 12:43:11,139 - basicLogger - INFO - Query for purchase item after 2022-10-27T12:30:53Z returns 0 results
2022-10-27 12:43:13,184 - basicLogger - INFO - Query for Search Items after 2022-10-27T12:30:53Z returns 1 results
2022-10-27 12:43:16,132 - basicLogger - INFO - Query for purchase item after 2022-10-27T12:30:53Z returns 0 results
2022-10-27 12:43:18,178 - basicLogger - INFO - Query for Search Items after 2022-10-27T12:30:53Z returns 1 results
2022-10-27 12:43:21,109 - basicLogger - INFO - Query for purchase item after 2022-10-27T12:30:53Z returns 0 results
2022-10-27 12:43:23,155 - basicLogger - INFO - Query for Search Items after 2022-10-27T12:30:53Z returns 1 results
2022-10-27 12:43:26,106 - basicLogger - INFO - Query for purchase item after 2022-10-27T12:30:53Z returns 0 results
2022-10-27 12:43:28,156 - basicLogger - INFO - Query for Search Items after 2022-10-27T12:30:53Z returns 1 results
2022-10-27 12:43:31,119 - basicLogger - INFO - Query for purchase item after 2022-10-27T12:30:53Z returns 0 results
2022-10-27 12:43:33,193 - basicLogger - INFO - Query for Search Items after 2022-10-27T12:30:53Z returns 1 results
2022-10-27 12:43:36,116 - basicLogger - INFO - Query for purchase item after 2022-10-27T12:30:53Z returns 0 results
2022-10-27 12:43:38,168 - basicLogger - INFO - Query for Search Items after 2022-10-27T12:30:53Z returns 1 results
2022-10-27 12:43:41,146 - basicLogger - INFO - Query for purchase item after 2022-10-27T12:30:53Z returns 0 results
2022-10-27 12:43:43,192 - basicLogger - INFO - Query for Search Items after 2022-10-27T12:30:53Z returns 1 results
2022-10-27 12:43:46,120 - basicLogger - INFO - Query for purchase item after 2022-10-27T12:30:53Z returns 0 results
2022-10-27 12:43:48,159 - basicLogger - INFO - Query for Search Items after 2022-10-27T12:30:53Z returns 1 results
2022-10-27 12:43:51,137 - basicLogger - INFO - Query for purchase item after 2022-10-27T12:30:53Z returns 0 results
2022-10-27 12:43:53,203 - basicLogger - INFO - Query for Search Items after 2022-10-27T12:30:53Z returns 1 results
2022-10-27 12:43:56,123 - basicLogger - INFO - Query for purchase item after 2022-10-27T12:30:53Z returns 0 results
2022-10-27 12:43:58,181 - basicLogger - INFO - Query for Search Items after 2022-10-27T12:30:53Z returns 1 results
2022-10-27 12:44:01,135 - basicLogger - INFO - Query for purchase item after 2022-10-27T12:30:53Z returns 0 results
2022-10-27 12:44:03,199 - basicLogger - INFO - Query for Search Items after 2022-10-27T12:30:53Z returns 1 results
2022-10-27 12:44:06,135 - basicLogger - INFO - Query for purchase item after 2022-10-27T12:30:53Z returns 0 results
2022-10-27 12:44:08,190 - basicLogger - INFO - Query for Search Items after 2022-10-27T12:30:53Z returns 1 results
2022-10-27 12:44:11,115 - basicLogger - INFO - Query for purchase item after 2022-10-27T12:30:53Z returns 0 results
2022-10-27 12:44:13,170 - basicLogger - INFO - Query for Search Items after 2022-10-27T12:30:53Z returns 1 results
2022-10-27 12:44:16,127 - basicLogger - INFO - Query for purchase item after 2022-10-27T12:30:53Z returns 0 results
2022-10-27 12:44:18,199 - basicLogger - INFO - Query for Search Items after 2022-10-27T12:30:53Z returns 1 results
2022-10-27 12:44:21,126 - basicLogger - INFO - Query for purchase item after 2022-10-27T12:30:53Z returns 0 results
2022-10-27 12:44:23,176 - basicLogger - INFO - Query for Search Items after 2022-10-27T12:30:53Z returns 1 results
2022-10-27 12:44:26,121 - basicLogger - INFO - Query for purchase item after 2022-10-27T12:30:53Z returns 0 results
2022-10-27 12:44:28,185 - basicLogger - INFO - Query for Search Items after 2022-10-27T12:30:53Z returns 1 results
2022-10-27 12:44:31,136 - basicLogger - INFO - Query for purchase item after 2022-10-27T12:30:53Z returns 0 results
2022-10-27 12:44:33,191 - basicLogger - INFO - Query for Search Items after 2022-10-27T12:30:53Z returns 1 results
2022-10-27 12:44:36,112 - basicLogger - INFO - Query for purchase item after 2022-10-27T12:30:53Z returns 0 results
2022-10-27 12:44:38,168 - basicLogger - INFO - Query for Search Items after 2022-10-27T12:30:53Z returns 1 results
2022-10-27 12:44:41,111 - basicLogger - INFO - Query for purchase item after 2022-10-27T12:30:53Z returns 0 results
2022-10-27 12:44:43,146 - basicLogger - INFO - Query for Search Items after 2022-10-27T12:30:53Z returns 1 results
2022-10-27 12:44:46,102 - basicLogger - INFO - Query for purchase item after 2022-10-27T12:30:53Z returns 0 results
2022-10-27 12:44:48,152 - basicLogger - INFO - Query for Search Items after 2022-10-27T12:30:53Z returns 1 results
2022-10-27 12:44:51,116 - basicLogger - INFO - Query for purchase item after 2022-10-27T12:30:53Z returns 0 results
2022-10-27 12:44:53,159 - basicLogger - INFO - Query for Search Items after 2022-10-27T12:30:53Z returns 1 results
2022-10-27 12:44:56,141 - basicLogger - INFO - Query for purchase item after 2022-10-27T12:30:53Z returns 0 results
2022-10-27 12:44:58,203 - basicLogger - INFO - Query for Search Items after 2022-10-27T12:30:53Z returns 1 results
2022-10-27 12:45:01,115 - basicLogger - INFO - Query for purchase item after 2022-10-27T12:30:53Z returns 0 results
2022-10-27 12:45:03,170 - basicLogger - INFO - Query for Search Items after 2022-10-27T12:30:53Z returns 1 results
2022-10-27 12:45:06,105 - basicLogger - INFO - Query for purchase item after 2022-10-27T12:30:53Z returns 0 results
2022-10-27 12:45:08,143 - basicLogger - INFO - Query for Search Items after 2022-10-27T12:30:53Z returns 1 results
2022-10-27 12:45:11,129 - basicLogger - INFO - Query for purchase item after 2022-10-27T12:30:53Z returns 0 results
2022-10-27 12:45:13,181 - basicLogger - INFO - Query for Search Items after 2022-10-27T12:30:53Z returns 1 results
2022-10-27 12:45:16,131 - basicLogger - INFO - Query for purchase item after 2022-10-27T12:30:53Z returns 0 results
2022-10-27 12:45:18,190 - basicLogger - INFO - Query for Search Items after 2022-10-27T12:30:53Z returns 1 results
2022-10-27 12:45:21,126 - basicLogger - INFO - Query for purchase item after 2022-10-27T12:30:53Z returns 0 results
2022-10-27 12:45:23,179 - basicLogger - INFO - Query for Search Items after 2022-10-27T12:30:53Z returns 1 results
2022-10-27 12:45:26,101 - basicLogger - INFO - Query for purchase item after 2022-10-27T12:30:53Z returns 0 results
2022-10-27 12:45:28,143 - basicLogger - INFO - Query for Search Items after 2022-10-27T12:30:53Z returns 1 results
2022-10-27 12:45:31,140 - basicLogger - INFO - Query for purchase item after 2022-10-27T12:30:53Z returns 0 results
2022-10-27 12:45:33,184 - basicLogger - INFO - Query for Search Items after 2022-10-27T12:30:53Z returns 1 results
2022-10-27 12:45:36,134 - basicLogger - INFO - Query for purchase item after 2022-10-27T12:30:53Z returns 0 results
2022-10-27 12:45:38,182 - basicLogger - INFO - Query for Search Items after 2022-10-27T12:30:53Z returns 1 results
2022-10-27 12:45:41,131 - basicLogger - INFO - Query for purchase item after 2022-10-27T12:30:53Z returns 0 results
2022-10-27 12:45:43,176 - basicLogger - INFO - Query for Search Items after 2022-10-27T12:30:53Z returns 1 results
2022-10-27 12:45:46,095 - basicLogger - INFO - Query for purchase item after 2022-10-27T12:30:53Z returns 0 results
2022-10-27 12:45:48,152 - basicLogger - INFO - Query for Search Items after 2022-10-27T12:30:53Z returns 1 results
2022-10-27 12:45:51,107 - basicLogger - INFO - Query for purchase item after 2022-10-27T12:30:53Z returns 0 results
2022-10-27 12:45:53,155 - basicLogger - INFO - Query for Search Items after 2022-10-27T12:30:53Z returns 1 results
2022-10-27 12:45:56,124 - basicLogger - INFO - Query for purchase item after 2022-10-27T12:30:53Z returns 0 results
2022-10-27 12:45:58,179 - basicLogger - INFO - Query for Search Items after 2022-10-27T12:30:53Z returns 1 results
2022-10-27 12:46:01,132 - basicLogger - INFO - Query for purchase item after 2022-10-27T12:30:53Z returns 0 results
2022-10-27 12:46:03,186 - basicLogger - INFO - Query for Search Items after 2022-10-27T12:30:53Z returns 1 results
2022-10-27 12:46:06,132 - basicLogger - INFO - Query for purchase item after 2022-10-27T12:30:53Z returns 0 results
2022-10-27 12:46:08,177 - basicLogger - INFO - Query for Search Items after 2022-10-27T12:30:53Z returns 1 results
2022-10-27 12:46:11,120 - basicLogger - INFO - Query for purchase item after 2022-10-27T12:30:53Z returns 0 results
2022-10-27 12:46:13,168 - basicLogger - INFO - Query for Search Items after 2022-10-27T12:30:53Z returns 1 results
2022-10-27 12:46:16,104 - basicLogger - INFO - Query for purchase item after 2022-10-27T12:30:53Z returns 0 results
2022-10-27 12:46:18,142 - basicLogger - INFO - Query for Search Items after 2022-10-27T12:30:53Z returns 1 results
2022-10-27 12:46:21,133 - basicLogger - INFO - Query for purchase item after 2022-10-27T12:30:53Z returns 0 results
2022-10-27 12:46:23,186 - basicLogger - INFO - Query for Search Items after 2022-10-27T12:30:53Z returns 1 results
2022-10-27 12:46:26,121 - basicLogger - INFO - Query for purchase item after 2022-10-27T12:30:53Z returns 0 results
2022-10-27 12:46:28,183 - basicLogger - INFO - Query for Search Items after 2022-10-27T12:30:53Z returns 1 results
2022-10-27 12:46:31,119 - basicLogger - INFO - Query for purchase item after 2022-10-27T12:30:53Z returns 0 results
2022-10-27 12:46:33,176 - basicLogger - INFO - Query for Search Items after 2022-10-27T12:30:53Z returns 1 results
2022-10-27 12:46:36,151 - basicLogger - INFO - Query for purchase item after 2022-10-27T12:30:53Z returns 0 results
2022-10-27 12:46:38,196 - basicLogger - INFO - Query for Search Items after 2022-10-27T12:30:53Z returns 1 results
2022-10-27 12:46:41,156 - basicLogger - INFO - Query for purchase item after 2022-10-27T12:30:53Z returns 0 results
2022-10-27 12:46:43,201 - basicLogger - INFO - Query for Search Items after 2022-10-27T12:30:53Z returns 1 results
2022-10-27 12:46:46,118 - basicLogger - INFO - Query for purchase item after 2022-10-27T12:30:53Z returns 0 results
2022-10-27 12:46:48,174 - basicLogger - INFO - Query for Search Items after 2022-10-27T12:30:53Z returns 1 results
2022-10-27 12:46:51,118 - basicLogger - INFO - Query for purchase item after 2022-10-27T12:30:53Z returns 0 results
2022-10-27 12:46:53,160 - basicLogger - INFO - Query for Search Items after 2022-10-27T12:30:53Z returns 1 results
2022-10-27 12:46:56,114 - basicLogger - INFO - Query for purchase item after 2022-10-27T12:30:53Z returns 0 results
2022-10-27 12:46:58,155 - basicLogger - INFO - Query for Search Items after 2022-10-27T12:30:53Z returns 1 results
2022-10-27 12:47:01,127 - basicLogger - INFO - Query for purchase item after 2022-10-27T12:30:53Z returns 0 results
2022-10-27 12:47:03,175 - basicLogger - INFO - Query for Search Items after 2022-10-27T12:30:53Z returns 1 results
2022-10-27 12:47:06,123 - basicLogger - INFO - Query for purchase item after 2022-10-27T12:30:53Z returns 0 results
2022-10-27 12:47:08,188 - basicLogger - INFO - Query for Search Items after 2022-10-27T12:30:53Z returns 1 results
2022-10-27 12:47:11,120 - basicLogger - INFO - Query for purchase item after 2022-10-27T12:30:53Z returns 0 results
2022-10-27 12:47:13,168 - basicLogger - INFO - Query for Search Items after 2022-10-27T12:30:53Z returns 1 results
2022-10-27 12:47:16,129 - basicLogger - INFO - Query for purchase item after 2022-10-27T12:30:53Z returns 0 results
2022-10-27 12:47:18,182 - basicLogger - INFO - Query for Search Items after 2022-10-27T12:30:53Z returns 1 results
2022-10-27 12:47:21,116 - basicLogger - INFO - Query for purchase item after 2022-10-27T12:30:53Z returns 0 results
2022-10-27 12:47:23,173 - basicLogger - INFO - Query for Search Items after 2022-10-27T12:30:53Z returns 1 results
2022-10-27 12:47:26,111 - basicLogger - INFO - Query for purchase item after 2022-10-27T12:30:53Z returns 0 results
2022-10-27 12:47:28,177 - basicLogger - INFO - Query for Search Items after 2022-10-27T12:30:53Z returns 1 results
2022-10-27 12:47:31,107 - basicLogger - INFO - Query for purchase item after 2022-10-27T12:30:53Z returns 0 results
2022-10-27 12:47:33,150 - basicLogger - INFO - Query for Search Items after 2022-10-27T12:30:53Z returns 1 results
2022-10-27 12:47:36,105 - basicLogger - INFO - Query for purchase item after 2022-10-27T12:30:53Z returns 0 results
2022-10-27 12:47:38,152 - basicLogger - INFO - Query for Search Items after 2022-10-27T12:30:53Z returns 1 results
2022-10-27 12:47:41,130 - basicLogger - INFO - Query for purchase item after 2022-10-27T12:30:53Z returns 0 results
2022-10-27 12:47:43,176 - basicLogger - INFO - Query for Search Items after 2022-10-27T12:30:53Z returns 1 results
2022-10-27 12:47:46,103 - basicLogger - INFO - Query for purchase item after 2022-10-27T12:30:53Z returns 0 results
2022-10-27 12:47:48,158 - basicLogger - INFO - Query for Search Items after 2022-10-27T12:30:53Z returns 1 results
2022-10-27 12:47:51,104 - basicLogger - INFO - Query for purchase item after 2022-10-27T12:30:53Z returns 0 results
2022-10-27 12:47:53,171 - basicLogger - INFO - Query for Search Items after 2022-10-27T12:30:53Z returns 1 results
2022-10-27 12:47:56,112 - basicLogger - INFO - Query for purchase item after 2022-10-27T12:30:53Z returns 0 results
2022-10-27 12:47:58,162 - basicLogger - INFO - Query for Search Items after 2022-10-27T12:30:53Z returns 1 results
2022-10-27 12:48:01,106 - basicLogger - INFO - Query for purchase item after 2022-10-27T12:30:53Z returns 0 results
2022-10-27 12:48:03,161 - basicLogger - INFO - Query for Search Items after 2022-10-27T12:30:53Z returns 1 results
2022-10-27 12:48:06,129 - basicLogger - INFO - Query for purchase item after 2022-10-27T12:30:53Z returns 0 results
2022-10-27 12:48:08,194 - basicLogger - INFO - Query for Search Items after 2022-10-27T12:30:53Z returns 1 results
2022-10-27 12:48:11,129 - basicLogger - INFO - Query for purchase item after 2022-10-27T12:30:53Z returns 0 results
2022-10-27 12:48:13,186 - basicLogger - INFO - Query for Search Items after 2022-10-27T12:30:53Z returns 1 results
2022-10-27 12:48:16,130 - basicLogger - INFO - Query for purchase item after 2022-10-27T12:30:53Z returns 0 results
2022-10-27 12:48:18,178 - basicLogger - INFO - Query for Search Items after 2022-10-27T12:30:53Z returns 1 results
2022-10-27 12:48:21,116 - basicLogger - INFO - Query for purchase item after 2022-10-27T12:30:53Z returns 0 results
2022-10-27 12:48:23,160 - basicLogger - INFO - Query for Search Items after 2022-10-27T12:30:53Z returns 1 results
2022-10-27 12:48:26,131 - basicLogger - INFO - Query for purchase item after 2022-10-27T12:30:53Z returns 0 results
2022-10-27 12:48:28,165 - basicLogger - INFO - Query for Search Items after 2022-10-27T12:30:53Z returns 1 results
2022-10-27 12:48:31,133 - basicLogger - INFO - Query for purchase item after 2022-10-27T12:30:53Z returns 0 results
2022-10-27 12:48:33,193 - basicLogger - INFO - Query for Search Items after 2022-10-27T12:30:53Z returns 1 results
2022-10-27 12:48:36,127 - basicLogger - INFO - Query for purchase item after 2022-10-27T12:30:53Z returns 0 results
2022-10-27 12:48:38,180 - basicLogger - INFO - Query for Search Items after 2022-10-27T12:30:53Z returns 1 results
2022-10-27 12:48:41,140 - basicLogger - INFO - Query for purchase item after 2022-10-27T12:30:53Z returns 0 results
2022-10-27 12:48:43,186 - basicLogger - INFO - Query for Search Items after 2022-10-27T12:30:53Z returns 1 results
2022-10-27 12:48:46,113 - basicLogger - INFO - Query for purchase item after 2022-10-27T12:30:53Z returns 0 results
2022-10-27 12:48:48,174 - basicLogger - INFO - Query for Search Items after 2022-10-27T12:30:53Z returns 1 results
2022-10-27 12:48:51,131 - basicLogger - INFO - Query for purchase item after 2022-10-27T12:30:53Z returns 0 results
2022-10-27 12:48:53,183 - basicLogger - INFO - Query for Search Items after 2022-10-27T12:30:53Z returns 1 results
2022-10-27 12:48:56,115 - basicLogger - INFO - Query for purchase item after 2022-10-27T12:30:53Z returns 0 results
2022-10-27 12:48:58,172 - basicLogger - INFO - Query for Search Items after 2022-10-27T12:30:53Z returns 1 results
2022-10-27 12:49:01,114 - basicLogger - INFO - Query for purchase item after 2022-10-27T12:30:53Z returns 0 results
2022-10-27 12:49:03,187 - basicLogger - INFO - Query for Search Items after 2022-10-27T12:30:53Z returns 1 results
2022-10-27 12:49:06,126 - basicLogger - INFO - Query for purchase item after 2022-10-27T12:30:53Z returns 0 results
2022-10-27 12:49:08,160 - basicLogger - INFO - Query for Search Items after 2022-10-27T12:30:53Z returns 1 results
2022-10-27 12:49:11,156 - basicLogger - INFO - Query for purchase item after 2022-10-27T12:30:53Z returns 0 results
2022-10-27 12:49:13,212 - basicLogger - INFO - Query for Search Items after 2022-10-27T12:30:53Z returns 1 results
2022-10-27 12:49:16,128 - basicLogger - INFO - Query for purchase item after 2022-10-27T12:30:53Z returns 0 results
2022-10-27 12:49:18,175 - basicLogger - INFO - Query for Search Items after 2022-10-27T12:30:53Z returns 1 results
2022-10-27 12:49:21,107 - basicLogger - INFO - Query for purchase item after 2022-10-27T12:30:53Z returns 0 results
2022-10-27 12:49:23,157 - basicLogger - INFO - Query for Search Items after 2022-10-27T12:30:53Z returns 1 results
2022-10-27 12:49:26,106 - basicLogger - INFO - Query for purchase item after 2022-10-27T12:30:53Z returns 0 results
2022-10-27 12:49:28,153 - basicLogger - INFO - Query for Search Items after 2022-10-27T12:30:53Z returns 1 results
2022-10-27 12:49:31,137 - basicLogger - INFO - Query for purchase item after 2022-10-27T12:30:53Z returns 0 results
2022-10-27 12:49:33,187 - basicLogger - INFO - Query for Search Items after 2022-10-27T12:30:53Z returns 1 results
2022-10-27 12:49:36,146 - basicLogger - INFO - Query for purchase item after 2022-10-27T12:30:53Z returns 0 results
2022-10-27 12:49:38,196 - basicLogger - INFO - Query for Search Items after 2022-10-27T12:30:53Z returns 1 results
2022-10-27 12:49:41,117 - basicLogger - INFO - Query for purchase item after 2022-10-27T12:30:53Z returns 0 results
2022-10-27 12:49:43,186 - basicLogger - INFO - Query for Search Items after 2022-10-27T12:30:53Z returns 1 results
2022-10-27 12:49:46,112 - basicLogger - INFO - Query for purchase item after 2022-10-27T12:30:53Z returns 0 results
2022-10-27 12:49:48,177 - basicLogger - INFO - Query for Search Items after 2022-10-27T12:30:53Z returns 1 results
2022-10-27 12:49:51,145 - basicLogger - INFO - Query for purchase item after 2022-10-27T12:30:53Z returns 0 results
2022-10-27 12:49:53,198 - basicLogger - INFO - Query for Search Items after 2022-10-27T12:30:53Z returns 1 results
2022-10-27 12:49:56,143 - basicLogger - INFO - Query for purchase item after 2022-10-27T12:30:53Z returns 0 results
2022-10-27 12:49:58,205 - basicLogger - INFO - Query for Search Items after 2022-10-27T12:30:53Z returns 1 results
2022-10-27 12:50:01,132 - basicLogger - INFO - Query for purchase item after 2022-10-27T12:30:53Z returns 0 results
2022-10-27 12:50:03,184 - basicLogger - INFO - Query for Search Items after 2022-10-27T12:30:53Z returns 1 results
2022-10-27 12:50:06,114 - basicLogger - INFO - Query for purchase item after 2022-10-27T12:30:53Z returns 0 results
2022-10-27 12:50:08,159 - basicLogger - INFO - Query for Search Items after 2022-10-27T12:30:53Z returns 1 results
2022-10-27 12:50:11,125 - basicLogger - INFO - Query for purchase item after 2022-10-27T12:30:53Z returns 0 results
2022-10-27 12:50:13,171 - basicLogger - INFO - Query for Search Items after 2022-10-27T12:30:53Z returns 1 results
2022-10-27 12:50:16,128 - basicLogger - INFO - Query for purchase item after 2022-10-27T12:30:53Z returns 0 results
2022-10-27 12:50:18,196 - basicLogger - INFO - Query for Search Items after 2022-10-27T12:30:53Z returns 1 results
2022-10-27 12:50:21,139 - basicLogger - INFO - Query for purchase item after 2022-10-27T12:30:53Z returns 0 results
2022-10-27 12:50:23,189 - basicLogger - INFO - Query for Search Items after 2022-10-27T12:30:53Z returns 1 results
2022-10-27 12:50:23,861 - basicLogger - INFO - stored event buy request with a trace id of e5283a89-05e0-4e23-94f0-2e33095dd33d
2022-10-27 12:50:26,128 - basicLogger - INFO - Query for purchase item after 2022-10-27T12:30:53Z returns 0 results
2022-10-27 12:50:28,193 - basicLogger - INFO - Query for Search Items after 2022-10-27T12:30:53Z returns 2 results
2022-10-27 12:50:31,122 - basicLogger - INFO - Query for purchase item after 2022-10-27T12:30:53Z returns 0 results
2022-10-27 12:50:33,160 - basicLogger - INFO - Query for Search Items after 2022-10-27T12:30:53Z returns 2 results
2022-10-27 12:50:35,206 - basicLogger - INFO - stored event buy request with a trace id of e4f9f414-78ac-4a49-a3b9-d8e35c87f820
2022-10-27 12:50:36,109 - basicLogger - INFO - Query for purchase item after 2022-10-27T12:30:53Z returns 1 results
2022-10-27 12:50:38,187 - basicLogger - INFO - Query for Search Items after 2022-10-27T12:30:53Z returns 2 results
2022-10-27 12:50:41,140 - basicLogger - INFO - Query for purchase item after 2022-10-27T12:50:34Z returns 1 results
2022-10-27 12:50:43,197 - basicLogger - INFO - Query for Search Items after 2022-10-27T12:50:34Z returns 0 results
2022-10-27 12:50:46,132 - basicLogger - INFO - Query for purchase item after 2022-10-27T12:50:34Z returns 1 results
2022-10-27 12:50:48,196 - basicLogger - INFO - Query for Search Items after 2022-10-27T12:50:34Z returns 0 results
2022-10-27 12:50:51,126 - basicLogger - INFO - Query for purchase item after 2022-10-27T12:50:34Z returns 1 results
2022-10-27 12:50:53,175 - basicLogger - INFO - Query for Search Items after 2022-10-27T12:50:34Z returns 0 results
2022-10-27 12:50:56,123 - basicLogger - INFO - Query for purchase item after 2022-10-27T12:50:34Z returns 1 results
2022-10-27 12:50:58,184 - basicLogger - INFO - Query for Search Items after 2022-10-27T12:50:34Z returns 0 results
2022-10-27 12:51:01,135 - basicLogger - INFO - Query for purchase item after 2022-10-27T12:50:34Z returns 1 results
2022-10-27 12:51:03,171 - basicLogger - INFO - Query for Search Items after 2022-10-27T12:50:34Z returns 0 results
2022-10-27 12:51:06,141 - basicLogger - INFO - Query for purchase item after 2022-10-27T12:50:34Z returns 1 results
2022-10-27 12:51:08,186 - basicLogger - INFO - Query for Search Items after 2022-10-27T12:50:34Z returns 0 results
2022-10-27 12:51:11,109 - basicLogger - INFO - Query for purchase item after 2022-10-27T12:50:34Z returns 1 results
2022-10-27 12:51:13,151 - basicLogger - INFO - Query for Search Items after 2022-10-27T12:50:34Z returns 0 results
2022-10-27 12:51:16,107 - basicLogger - INFO - Query for purchase item after 2022-10-27T12:50:34Z returns 1 results
2022-10-27 12:51:18,165 - basicLogger - INFO - Query for Search Items after 2022-10-27T12:50:34Z returns 0 results
2022-10-27 12:51:21,119 - basicLogger - INFO - Query for purchase item after 2022-10-27T12:50:34Z returns 1 results
2022-10-27 12:51:23,185 - basicLogger - INFO - Query for Search Items after 2022-10-27T12:50:34Z returns 0 results
2022-10-27 12:51:26,110 - basicLogger - INFO - Query for purchase item after 2022-10-27T12:50:34Z returns 1 results
2022-10-27 12:51:28,166 - basicLogger - INFO - Query for Search Items after 2022-10-27T12:50:34Z returns 0 results
2022-10-27 12:51:31,111 - basicLogger - INFO - Query for purchase item after 2022-10-27T12:50:34Z returns 1 results
2022-10-27 12:51:33,189 - basicLogger - INFO - Query for Search Items after 2022-10-27T12:50:34Z returns 0 results
2022-10-27 12:51:36,110 - basicLogger - INFO - Query for purchase item after 2022-10-27T12:50:34Z returns 1 results
2022-10-27 12:51:38,171 - basicLogger - INFO - Query for Search Items after 2022-10-27T12:50:34Z returns 0 results
2022-10-27 12:51:41,145 - basicLogger - INFO - Query for purchase item after 2022-10-27T12:50:34Z returns 1 results
2022-10-27 12:51:43,198 - basicLogger - INFO - Query for Search Items after 2022-10-27T12:50:34Z returns 0 results
